This is XeTeX, Version 3.141592653-2.6-0.999998 (MiKTeX 26.1) (preloaded format=xelatex 2026.3.10)  10 MAR 2026 10:31
entering extended mode
 restricted \write18 enabled.
 %&-line parsing enabled.
**./response-letter.tex
(response-letter.tex
LaTeX2e <2025-11-01>
L3 programming layer <2025-11-06>
(/home/joshua/.miktex/texmfs/install/tex/latex/base/article.cls
Document Class: article 2025/01/22 v1.4n Standard LaTeX document class
(/home/joshua/.miktex/texmfs/install/tex/latex/base/size11.clo
File: size11.clo 2025/01/22 v1.4n Standard LaTeX file (size option)
)
\c@part=\count271
\c@section=\count272
\c@subsection=\count273
\c@subsubsection=\count274
\c@paragraph=\count275
\c@subparagraph=\count276
\c@figure=\count277
\c@table=\count278
\abovecaptionskip=\skip49
\belowcaptionskip=\skip50
\bibindent=\dimen148
)
(/home/joshua/.miktex/texmfs/install/tex/latex/geometry/geometry.sty
Package: geometry 2020/01/02 v5.9 Page Geometry

(/home/joshua/.miktex/texmfs/install/tex/latex/graphics/keyval.sty
Package: keyval 2022/05/29 v1.15 key=value parser (DPC)
\KV@toks@=\toks17
)
(/home/joshua/.miktex/texmfs/install/tex/generic/iftex/ifvtex.sty
Package: ifvtex 2019/10/25 v1.7 ifvtex legacy package. Use iftex instead.

(/home/joshua/.miktex/texmfs/install/tex/generic/iftex/iftex.sty
Package: iftex 2024/12/12 v1.0g TeX engine tests
))
\Gm@cnth=\count279
\Gm@cntv=\count280
\c@Gm@tempcnt=\count281
\Gm@bindingoffset=\dimen149
\Gm@wd@mp=\dimen150
\Gm@odd@mp=\dimen151
\Gm@even@mp=\dimen152
\Gm@layoutwidth=\dimen153
\Gm@layoutheight=\dimen154
\Gm@layouthoffset=\dimen155
\Gm@layoutvoffset=\dimen156
\Gm@dimlist=\toks18

(/home/joshua/.miktex/texmfs/install/tex/latex/geometry/geometry.cfg))
(/home/joshua/.miktex/texmfs/install/tex/latex/tools/array.sty
Package: array 2025/09/25 v2.6n Tabular extension package (FMi)
\col@sep=\dimen157
\ar@mcellbox=\box53
\extrarowheight=\dimen158
\NC@list=\toks19
\extratabsurround=\skip51
\backup@length=\skip52
\ar@cellbox=\box54
)
(/home/joshua/.miktex/texmfs/install/tex/latex/booktabs/booktabs.sty
Package: booktabs 2020/01/12 v1.61803398 Publication quality tables
\heavyrulewidth=\dimen159
\lightrulewidth=\dimen160
\cmidrulewidth=\dimen161
\belowrulesep=\dimen162
\belowbottomsep=\dimen163
\aboverulesep=\dimen164
\abovetopsep=\dimen165
\cmidrulesep=\dimen166
\cmidrulekern=\dimen167
\defaultaddspace=\dimen168
\@cmidla=\count282
\@cmidlb=\count283
\@aboverulesep=\dimen169
\@belowrulesep=\dimen170
\@thisruleclass=\count284
\@lastruleclass=\count285
\@thisrulewidth=\dimen171
)
(/home/joshua/.miktex/texmfs/install/tex/latex/tools/longtable.sty
Package: longtable 2025-10-13 v4.24 Multi-page Table package (DPC)
\LTleft=\skip53
\LTright=\skip54
\LTpre=\skip55
\LTpost=\skip56
\LTchunksize=\count286
\LTcapwidth=\dimen172
\LT@head=\box55
\LT@firsthead=\box56
\LT@foot=\box57
\LT@lastfoot=\box58
\LT@gbox=\box59
\LT@cols=\count287
\LT@rows=\count288
\c@LT@tables=\count289
\c@LT@chunks=\count290
\LT@p@ftn=\toks20
)
(/home/joshua/.miktex/texmfs/install/tex/latex/base/fontenc.sty
Package: fontenc 2025/07/18 v2.1d Standard LaTeX package
LaTeX Font Info:    Trying to load font information for T1+lmr on input line 11
6.

(/home/joshua/.miktex/texmfs/install/tex/latex/lm/t1lmr.fd
File: t1lmr.fd 2015/05/01 v1.6.1 Font defs for Latin Modern
))
(/home/joshua/.miktex/texmfs/install/tex/latex/base/inputenc.sty
Package: inputenc 2024/02/08 v1.3d Input encoding file
\inpenc@prehook=\toks21
\inpenc@posthook=\toks22


Package inputenc Warning: inputenc package ignored with utf8 based engines.

) (/home/joshua/.miktex/texmfs/install/tex/latex/hyperref/hyperref.sty
Package: hyperref 2025-07-12 v7.01o Hypertext links for LaTeX

(/home/joshua/.miktex/texmfs/install/tex/latex/kvsetkeys/kvsetkeys.sty
Package: kvsetkeys 2022-10-05 v1.19 Key value parser (HO)
)
(/home/joshua/.miktex/texmfs/install/tex/generic/kvdefinekeys/kvdefinekeys.sty
Package: kvdefinekeys 2019-12-19 v1.6 Define keys (HO)
) (/home/joshua/.miktex/texmfs/install/tex/generic/pdfescape/pdfescape.sty
Package: pdfescape 2019/12/09 v1.15 Implements pdfTeX's escape features (HO)

(/home/joshua/.miktex/texmfs/install/tex/generic/ltxcmds/ltxcmds.sty
Package: ltxcmds 2023-12-04 v1.26 LaTeX kernel commands for general use (HO)
)
(/home/joshua/.miktex/texmfs/install/tex/generic/pdftexcmds/pdftexcmds.sty
Package: pdftexcmds 2020-06-27 v0.33 Utility functions of pdfTeX for LuaTeX (HO
)

(/home/joshua/.miktex/texmfs/install/tex/generic/infwarerr/infwarerr.sty
Package: infwarerr 2019/12/03 v1.5 Providing info/warning/error messages (HO)
)
Package pdftexcmds Info: \pdf@primitive is available.
Package pdftexcmds Info: \pdf@ifprimitive is available.
Package pdftexcmds Info: \pdfdraftmode not found.
))
(/home/joshua/.miktex/texmfs/install/tex/latex/hycolor/hycolor.sty
Package: hycolor 2020-01-27 v1.10 Color options for hyperref/bookmark (HO)
)
(/home/joshua/.miktex/texmfs/install/tex/latex/hyperref/nameref.sty
Package: nameref 2025-06-21 v2.57 Cross-referencing by name of section

(/home/joshua/.miktex/texmfs/install/tex/latex/refcount/refcount.sty
Package: refcount 2019/12/15 v3.6 Data extraction from label references (HO)
)
(/home/joshua/.miktex/texmfs/install/tex/generic/gettitlestring/gettitlestring.
sty
Package: gettitlestring 2019/12/15 v1.6 Cleanup title references (HO)
 (/home/joshua/.miktex/texmfs/install/tex/latex/kvoptions/kvoptions.sty
Package: kvoptions 2022-06-15 v3.15 Key value format for package options (HO)
))
\c@section@level=\count291
)
(/home/joshua/.miktex/texmfs/install/tex/latex/etoolbox/etoolbox.sty
Package: etoolbox 2025/10/02 v2.5m e-TeX tools for LaTeX (JAW)
\etb@tempcnta=\count292
)
(/home/joshua/.miktex/texmfs/install/tex/generic/stringenc/stringenc.sty
Package: stringenc 2019/11/29 v1.12 Convert strings between diff. encodings (HO
)
)
\@linkdim=\dimen173
\Hy@linkcounter=\count293
\Hy@pagecounter=\count294

(/home/joshua/.miktex/texmfs/install/tex/latex/hyperref/pd1enc.def
File: pd1enc.def 2025-07-12 v7.01o Hyperref: PDFDocEncoding definition (HO)
)
(/home/joshua/.miktex/texmfs/install/tex/generic/intcalc/intcalc.sty
Package: intcalc 2019/12/15 v1.3 Expandable calculations with integers (HO)
)
\Hy@SavedSpaceFactor=\count295

(/home/joshua/.miktex/texmfs/install/tex/latex/hyperref/puenc.def
File: puenc.def 2025-07-12 v7.01o Hyperref: PDF Unicode definition (HO)
)
Package hyperref Info: Hyper figures OFF on input line 4195.
Package hyperref Info: Link nesting OFF on input line 4200.
Package hyperref Info: Hyper index ON on input line 4203.
Package hyperref Info: Plain pages OFF on input line 4210.
Package hyperref Info: Backreferencing OFF on input line 4215.
Package hyperref Info: Implicit mode ON; LaTeX internals redefined.
Package hyperref Info: Bookmarks ON on input line 4462.
\c@Hy@tempcnt=\count296

(/home/joshua/.miktex/texmfs/install/tex/latex/url/url.sty
\Urlmuskip=\muskip17
Package: url 2013/09/16  ver 3.4  Verb mode for urls, etc.
)
LaTeX Info: Redefining \url on input line 4801.
\XeTeXLinkMargin=\dimen174

(/home/joshua/.miktex/texmfs/install/tex/generic/bitset/bitset.sty
Package: bitset 2019/12/09 v1.3 Handle bit-vector datatype (HO)

(/home/joshua/.miktex/texmfs/install/tex/generic/bigintcalc/bigintcalc.sty
Package: bigintcalc 2019/12/15 v1.5 Expandable calculations on big integers (HO
)
))
\Fld@menulength=\count297
\Field@Width=\dimen175
\Fld@charsize=\dimen176
Package hyperref Info: Hyper figures OFF on input line 6078.
Package hyperref Info: Link nesting OFF on input line 6083.
Package hyperref Info: Hyper index ON on input line 6086.
Package hyperref Info: backreferencing OFF on input line 6093.
Package hyperref Info: Link coloring OFF on input line 6098.
Package hyperref Info: Link coloring with OCG OFF on input line 6103.
Package hyperref Info: PDF/A mode OFF on input line 6108.
\Hy@abspage=\count298
\c@Item=\count299
\c@Hfootnote=\count300
)
Package hyperref Info: Driver (autodetected): hxetex.

(/home/joshua/.miktex/texmfs/install/tex/latex/hyperref/hxetex.def
File: hxetex.def 2025-07-12 v7.01o Hyperref driver for XeTeX
\pdfm@box=\box60
\c@Hy@AnnotLevel=\count301
\HyField@AnnotCount=\count302
\Fld@listcount=\count303
\c@bookmark@seq@number=\count304

(/home/joshua/.miktex/texmfs/install/tex/latex/rerunfilecheck/rerunfilecheck.st
y
Package: rerunfilecheck 2025-06-21 v1.11 Rerun checks for auxiliary files (HO)

(/home/joshua/.miktex/texmfs/install/tex/generic/uniquecounter/uniquecounter.st
y
Package: uniquecounter 2019/12/15 v1.4 Provide unlimited unique counter (HO)
)
Package uniquecounter Info: New unique counter `rerunfilecheck' on input line 2
84.
)
\Hy@SectionHShift=\skip57
) (/home/joshua/.miktex/texmfs/install/tex/latex/xcolor/xcolor.sty
Package: xcolor 2024/09/29 v3.02 LaTeX color extensions (UK)

(/home/joshua/.miktex/texmfs/install/tex/latex/graphics-cfg/color.cfg
File: color.cfg 2016/01/02 v1.6 sample color configuration
)
Package xcolor Info: Driver file: xetex.def on input line 274.

(/home/joshua/.miktex/texmfs/install/tex/latex/graphics-def/xetex.def
File: xetex.def 2025/11/01 v5.0p Graphics/color driver for xetex
)
(/home/joshua/.miktex/texmfs/install/tex/latex/graphics/mathcolor.ltx)
Package xcolor Info: Model `cmy' substituted by `cmy0' on input line 1349.
Package xcolor Info: Model `RGB' extended on input line 1365.
Package xcolor Info: Model `HTML' substituted by `rgb' on input line 1367.
Package xcolor Info: Model `Hsb' substituted by `hsb' on input line 1368.
Package xcolor Info: Model `tHsb' substituted by `hsb' on input line 1369.
Package xcolor Info: Model `HSB' substituted by `hsb' on input line 1370.
Package xcolor Info: Model `Gray' substituted by `gray' on input line 1371.
Package xcolor Info: Model `wave' substituted by `hsb' on input line 1372.
)
(/home/joshua/.miktex/texmfs/install/tex/latex/l3backend/l3backend-xetex.def
File: l3backend-xetex.def 2025-10-09 L3 backend support: XeTeX
\g__graphics_track_int=\count305
\g__pdfannot_backend_int=\count306
\g__pdfannot_backend_link_int=\count307
)
No file response-letter.aux.
\openout1 = `response-letter.aux'.

LaTeX Font Info:    Checking defaults for OML/cmm/m/it on input line 15.
LaTeX Font Info:    ... okay on input line 15.
LaTeX Font Info:    Checking defaults for OMS/cmsy/m/n on input line 15.
LaTeX Font Info:    ... okay on input line 15.
LaTeX Font Info:    Checking defaults for OT1/cmr/m/n on input line 15.
LaTeX Font Info:    ... okay on input line 15.
LaTeX Font Info:    Checking defaults for T1/cmr/m/n on input line 15.
LaTeX Font Info:    ... okay on input line 15.
LaTeX Font Info:    Checking defaults for TS1/cmr/m/n on input line 15.
LaTeX Font Info:    ... okay on input line 15.
LaTeX Font Info:    Checking defaults for TU/lmr/m/n on input line 15.
LaTeX Font Info:    ... okay on input line 15.
LaTeX Font Info:    Checking defaults for OMX/cmex/m/n on input line 15.
LaTeX Font Info:    ... okay on input line 15.
LaTeX Font Info:    Checking defaults for U/cmr/m/n on input line 15.
LaTeX Font Info:    ... okay on input line 15.
LaTeX Font Info:    Checking defaults for PD1/pdf/m/n on input line 15.
LaTeX Font Info:    ... okay on input line 15.
LaTeX Font Info:    Checking defaults for PU/pdf/m/n on input line 15.
LaTeX Font Info:    ... okay on input line 15.
*geometry* driver: auto-detecting
*geometry* detected driver: xetex
*geometry* verbose mode - [ preamble ] result:
* driver: xetex
* paper: <default>
* layout: <same size as paper>
* layoutoffset:(h,v)=(0.0pt,0.0pt)
* modes: 
* h-part:(L,W,R)=(72.26999pt, 469.75502pt, 72.26999pt)
* v-part:(T,H,B)=(72.26999pt, 650.43001pt, 72.26999pt)
* \paperwidth=614.295pt
* \paperheight=794.96999pt
* \textwidth=469.75502pt
* \textheight=650.43001pt
* \oddsidemargin=0.0pt
* \evensidemargin=0.0pt
* \topmargin=-37.0pt
* \headheight=12.0pt
* \headsep=25.0pt
* \topskip=11.0pt
* \footskip=30.0pt
* \marginparwidth=59.0pt
* \marginparsep=10.0pt
* \columnsep=10.0pt
* \skip\footins=10.0pt plus 4.0pt minus 2.0pt
* \hoffset=0.0pt
* \voffset=0.0pt
* \mag=1000
* \@twocolumnfalse
* \@twosidefalse
* \@mparswitchfalse
* \@reversemarginfalse
* (1in=72.27pt=25.4mm, 1cm=28.453pt)

Package hyperref Info: Link coloring OFF on input line 15.
\@outlinefile=\write3
\openout3 = `response-letter.out'.


Package hyperref Warning: Rerun to get /PageLabels entry.

LaTeX Font Info:    External font `cmex10' loaded for size
(Font)              <12> on input line 17.
LaTeX Font Info:    External font `cmex10' loaded for size
(Font)              <8> on input line 17.
LaTeX Font Info:    External font `cmex10' loaded for size
(Font)              <6> on input line 17.
Missing character: There is no 原 in font ec-lmbx10!
Missing character: There is no 始 in font ec-lmbx10!
Missing character: There is no 意 in font ec-lmbx10!
Missing character: There is no 见 in font ec-lmbx10!
Missing character: There is no 修 in font ec-lmbx10!
Missing character: There is no 改 in font ec-lmbx10!
Missing character: There is no 位 in font ec-lmbx10!
Missing character: There is no 置 in font ec-lmbx10!
Missing character: There is no 范 in font ec-lmbx10!
Missing character: There is no 围 in font ec-lmbx10!
Missing character: There is no 关 in font ec-lmbx10!
Missing character: There is no 键 in font ec-lmbx10!
Missing character: There is no 修 in font ec-lmbx10!
Missing character: There is no 改 in font ec-lmbx10!
Missing character: There is no 片 in font ec-lmbx10!
Missing character: There is no 段 in font ec-lmbx10!
Missing character: There is no 回 in font ec-lmbx10!
Missing character: There is no 复 in font ec-lmbx10!
Missing character: There is no 说 in font ec-lmbx10!
Missing character: There is no 明 in font ec-lmbx10!

Overfull \hbox (3.02873pt too wide) in alignment at lines 22--26
 [] [] [] [] 
 []

Missing character: There is no 原 in font ec-lmbx10!
Missing character: There is no 始 in font ec-lmbx10!
Missing character: There is no 意 in font ec-lmbx10!
Missing character: There is no 见 in font ec-lmbx10!
Missing character: There is no 修 in font ec-lmbx10!
Missing character: There is no 改 in font ec-lmbx10!
Missing character: There is no 位 in font ec-lmbx10!
Missing character: There is no 置 in font ec-lmbx10!
Missing character: There is no 范 in font ec-lmbx10!
Missing character: There is no 围 in font ec-lmbx10!
Missing character: There is no 关 in font ec-lmbx10!
Missing character: There is no 键 in font ec-lmbx10!
Missing character: There is no 修 in font ec-lmbx10!
Missing character: There is no 改 in font ec-lmbx10!
Missing character: There is no 片 in font ec-lmbx10!
Missing character: There is no 段 in font ec-lmbx10!
Missing character: There is no 回 in font ec-lmbx10!
Missing character: There is no 复 in font ec-lmbx10!
Missing character: There is no 说 in font ec-lmbx10!
Missing character: There is no 明 in font ec-lmbx10!

Overfull \hbox (3.02873pt too wide) in alignment at lines 26--30
 [] [] [] [] 
 []


Underfull \hbox (badness 2932) in paragraph at lines 31--31
[]|\T1/lmr/bx/n/10.95 Comment: \T1/lmr/m/n/10.95 Please
 []


Underfull \hbox (badness 10000) in paragraph at lines 31--31
\T1/lmr/m/n/10.95 clar-ify why the
 []


Underfull \hbox (badness 10000) in paragraph at lines 31--31
\T1/lmr/m/n/10.95 trans-former model
 []


Underfull \hbox (badness 3009) in paragraph at lines 31--31
\T1/lmr/m/n/10.95 please also in-di-cate
 []


Underfull \hbox (badness 10000) in paragraph at lines 31--31
\T1/lmr/m/n/10.95 ex-actly where in
 []


Underfull \hbox (badness 3826) in paragraph at lines 31--31
\T1/lmr/m/n/10.95 the manuscript the
 []


Underfull \hbox (badness 7631) in paragraph at lines 31--31
\T1/lmr/m/n/10.95 sup-port-ing ev-i-dence
 []


Underfull \hbox (badness 10000) in paragraph at lines 31--31
\T1/lmr/m/n/10.95 mechanism-focused
 []


Underfull \hbox (badness 10000) in paragraph at lines 31--31
\T1/lmr/m/n/10.95 ex-pla-na-tion be-hind
 []

LaTeX Font Info:    Trying to load font information for T1+lmtt on input line 3
1.
(/home/joshua/.miktex/texmfs/install/tex/latex/lm/t1lmtt.fd
File: t1lmtt.fd 2015/05/01 v1.6.1 Font defs for Latin Modern
)
Underfull \hbox (badness 10000) in paragraph at lines 31--31
[]|
 []


Overfull \hbox (67.01497pt too wide) in paragraph at lines 31--31
\T1/lmtt/m/n/10.95 main.tex::Results::paragraph
 []


Underfull \hbox (badness 10000) in paragraph at lines 31--31
[]|\T1/lmtt/m/n/10.95 The transformer
 []


Underfull \hbox (badness 10000) in paragraph at lines 31--31
\T1/lmtt/m/n/10.95 improves
 []


Underfull \hbox (badness 10000) in paragraph at lines 31--31
\T1/lmtt/m/n/10.95 performance because
 []


Underfull \hbox (badness 10000) in paragraph at lines 31--31
\T1/lmtt/m/n/10.95 global-context
 []


Underfull \hbox (badness 10000) in paragraph at lines 31--31
\T1/lmtt/m/n/10.95 modeling reduces
 []


Underfull \hbox (badness 10000) in paragraph at lines 31--31
\T1/lmtt/m/n/10.95 confusion between
 []


Underfull \hbox (badness 10000) in paragraph at lines 31--31
\T1/lmtt/m/n/10.95 visually similar
 []


Underfull \hbox (badness 10000) in paragraph at lines 31--31
\T1/lmtt/m/n/10.95 disease patterns
 []


Underfull \hbox (badness 10000) in paragraph at lines 31--31
\T1/lmtt/m/n/10.95 while retaining
 []


Underfull \hbox (badness 10000) in paragraph at lines 31--31
\T1/lmtt/m/n/10.95 discriminative
 []


Underfull \hbox (badness 10000) in paragraph at lines 31--31
\T1/lmtt/m/n/10.95 lesion structure.
 []


Underfull \hbox (badness 10000) in paragraph at lines 31--31
\T1/lmtt/m/n/10.95 The supporting
 []


Underfull \hbox (badness 10000) in paragraph at lines 31--31
\T1/lmtt/m/n/10.95 evidence for this
 []


Underfull \hbox (badness 10000) in paragraph at lines 31--31
\T1/lmtt/m/n/10.95 mechanism-based
 []


Underfull \hbox (badness 10000) in paragraph at lines 31--31
\T1/lmtt/m/n/10.95 explanation
 []


Underfull \hbox (badness 10000) in paragraph at lines 31--31
\T1/lmtt/m/n/10.95 is provided in
 []


Underfull \hbox (badness 10000) in paragraph at lines 31--31
\T1/lmtt/m/n/10.95 the paragraph
 []


Underfull \hbox (badness 10000) in paragraph at lines 31--31
\T1/lmtt/m/n/10.95 immediately below
 []


Underfull \hbox (badness 10000) in paragraph at lines 31--32
\T1/lmr/m/n/10.95 point-to-point row.
 []


Underfull \hbox (badness 10000) in paragraph at lines 31--32
\T1/lmr/m/n/10.95 The re-vised Re-sults
 []


Underfull \hbox (badness 1466) in paragraph at lines 31--32
\T1/lmr/m/n/10.95 points read-ers to the
 []


Underfull \hbox (badness 10000) in paragraph at lines 31--32
\T1/lmr/m/n/10.95 sup-port-ing ev-i-dence
 []


Overfull \hbox (3.02873pt too wide) in alignment at lines 30--33
 [] [] [] [] 
 []

[1

] (response-letter.aux)
 ***********
LaTeX2e <2025-11-01>
L3 programming layer <2025-11-06>
 ***********


Package rerunfilecheck Warning: File `response-letter.out' has changed.
(rerunfilecheck)                Rerun to get outlines right
(rerunfilecheck)                or use package `bookmark'.

Package rerunfilecheck Info: Checksums for `response-letter.out':
(rerunfilecheck)             Before: <no file>
(rerunfilecheck)             After:  D41D8CD98F00B204E9800998ECF8427E;0.
 ) 
Here is how much of TeX's memory you used:
 9166 strings out of 404930
 137529 string characters out of 5481064
 560768 words of memory out of 5000000
 37701 multiletter control sequences out of 15000+600000
 652138 words of font info for 59 fonts, out of 8000000 for 9000
 14 hyphenation exceptions out of 8191
 72i,6n,79p,1043b,331s stack positions out of 10000i,1000n,20000p,200000b,200000s

Output written on response-letter.pdf (1 page).
