This is XeTeX, Version 3.141592653-2.6-0.999998 (MiKTeX 26.1) (preloaded format=xelatex 2026.3.10)  10 MAR 2026 10:31
entering extended mode
 restricted \write18 enabled.
 %&-line parsing enabled.
**./response-letter.tex
(response-letter.tex
LaTeX2e <2025-11-01>
L3 programming layer <2025-11-06>
(/home/joshua/.miktex/texmfs/install/tex/latex/base/article.cls
Document Class: article 2025/01/22 v1.4n Standard LaTeX document class
(/home/joshua/.miktex/texmfs/install/tex/latex/base/size11.clo
File: size11.clo 2025/01/22 v1.4n Standard LaTeX file (size option)
)
\c@part=\count271
\c@section=\count272
\c@subsection=\count273
\c@subsubsection=\count274
\c@paragraph=\count275
\c@subparagraph=\count276
\c@figure=\count277
\c@table=\count278
\abovecaptionskip=\skip49
\belowcaptionskip=\skip50
\bibindent=\dimen148
)
(/home/joshua/.miktex/texmfs/install/tex/latex/geometry/geometry.sty
Package: geometry 2020/01/02 v5.9 Page Geometry

(/home/joshua/.miktex/texmfs/install/tex/latex/graphics/keyval.sty
Package: keyval 2022/05/29 v1.15 key=value parser (DPC)
\KV@toks@=\toks17
)
(/home/joshua/.miktex/texmfs/install/tex/generic/iftex/ifvtex.sty
Package: ifvtex 2019/10/25 v1.7 ifvtex legacy package. Use iftex instead.

(/home/joshua/.miktex/texmfs/install/tex/generic/iftex/iftex.sty
Package: iftex 2024/12/12 v1.0g TeX engine tests
))
\Gm@cnth=\count279
\Gm@cntv=\count280
\c@Gm@tempcnt=\count281
\Gm@bindingoffset=\dimen149
\Gm@wd@mp=\dimen150
\Gm@odd@mp=\dimen151
\Gm@even@mp=\dimen152
\Gm@layoutwidth=\dimen153
\Gm@layoutheight=\dimen154
\Gm@layouthoffset=\dimen155
\Gm@layoutvoffset=\dimen156
\Gm@dimlist=\toks18

(/home/joshua/.miktex/texmfs/install/tex/latex/geometry/geometry.cfg))
(/home/joshua/.miktex/texmfs/install/tex/latex/tools/array.sty
Package: array 2025/09/25 v2.6n Tabular extension package (FMi)
\col@sep=\dimen157
\ar@mcellbox=\box53
\extrarowheight=\dimen158
\NC@list=\toks19
\extratabsurround=\skip51
\backup@length=\skip52
\ar@cellbox=\box54
)
(/home/joshua/.miktex/texmfs/install/tex/latex/booktabs/booktabs.sty
Package: booktabs 2020/01/12 v1.61803398 Publication quality tables
\heavyrulewidth=\dimen159
\lightrulewidth=\dimen160
\cmidrulewidth=\dimen161
\belowrulesep=\dimen162
\belowbottomsep=\dimen163
\aboverulesep=\dimen164
\abovetopsep=\dimen165
\cmidrulesep=\dimen166
\cmidrulekern=\dimen167
\defaultaddspace=\dimen168
\@cmidla=\count282
\@cmidlb=\count283
\@aboverulesep=\dimen169
\@belowrulesep=\dimen170
\@thisruleclass=\count284
\@lastruleclass=\count285
\@thisrulewidth=\dimen171
)
(/home/joshua/.miktex/texmfs/install/tex/latex/tools/longtable.sty
Package: longtable 2025-10-13 v4.24 Multi-page Table package (DPC)
\LTleft=\skip53
\LTright=\skip54
\LTpre=\skip55
\LTpost=\skip56
\LTchunksize=\count286
\LTcapwidth=\dimen172
\LT@head=\box55
\LT@firsthead=\box56
\LT@foot=\box57
\LT@lastfoot=\box58
\LT@gbox=\box59
\LT@cols=\count287
\LT@rows=\count288
\c@LT@tables=\count289
\c@LT@chunks=\count290
\LT@p@ftn=\toks20
)
(/home/joshua/.miktex/texmfs/install/tex/latex/base/fontenc.sty
Package: fontenc 2025/07/18 v2.1d Standard LaTeX package
LaTeX Font Info:    Trying to load font information for T1+lmr on input line 11
6.

(/home/joshua/.miktex/texmfs/install/tex/latex/lm/t1lmr.fd
File: t1lmr.fd 2015/05/01 v1.6.1 Font defs for Latin Modern
))
(/home/joshua/.miktex/texmfs/install/tex/latex/base/inputenc.sty
Package: inputenc 2024/02/08 v1.3d Input encoding file
\inpenc@prehook=\toks21
\inpenc@posthook=\toks22


Package inputenc Warning: inputenc package ignored with utf8 based engines.

) (/home/joshua/.miktex/texmfs/install/tex/latex/hyperref/hyperref.sty
Package: hyperref 2025-07-12 v7.01o Hypertext links for LaTeX

(/home/joshua/.miktex/texmfs/install/tex/latex/kvsetkeys/kvsetkeys.sty
Package: kvsetkeys 2022-10-05 v1.19 Key value parser (HO)
)
(/home/joshua/.miktex/texmfs/install/tex/generic/kvdefinekeys/kvdefinekeys.sty
Package: kvdefinekeys 2019-12-19 v1.6 Define keys (HO)
) (/home/joshua/.miktex/texmfs/install/tex/generic/pdfescape/pdfescape.sty
Package: pdfescape 2019/12/09 v1.15 Implements pdfTeX's escape features (HO)

(/home/joshua/.miktex/texmfs/install/tex/generic/ltxcmds/ltxcmds.sty
Package: ltxcmds 2023-12-04 v1.26 LaTeX kernel commands for general use (HO)
)
(/home/joshua/.miktex/texmfs/install/tex/generic/pdftexcmds/pdftexcmds.sty
Package: pdftexcmds 2020-06-27 v0.33 Utility functions of pdfTeX for LuaTeX (HO
)

(/home/joshua/.miktex/texmfs/install/tex/generic/infwarerr/infwarerr.sty
Package: infwarerr 2019/12/03 v1.5 Providing info/warning/error messages (HO)
)
Package pdftexcmds Info: \pdf@primitive is available.
Package pdftexcmds Info: \pdf@ifprimitive is available.
Package pdftexcmds Info: \pdfdraftmode not found.
))
(/home/joshua/.miktex/texmfs/install/tex/latex/hycolor/hycolor.sty
Package: hycolor 2020-01-27 v1.10 Color options for hyperref/bookmark (HO)
)
(/home/joshua/.miktex/texmfs/install/tex/latex/hyperref/nameref.sty
Package: nameref 2025-06-21 v2.57 Cross-referencing by name of section

(/home/joshua/.miktex/texmfs/install/tex/latex/refcount/refcount.sty
Package: refcount 2019/12/15 v3.6 Data extraction from label references (HO)
)
(/home/joshua/.miktex/texmfs/install/tex/generic/gettitlestring/gettitlestring.
sty
Package: gettitlestring 2019/12/15 v1.6 Cleanup title references (HO)
 (/home/joshua/.miktex/texmfs/install/tex/latex/kvoptions/kvoptions.sty
Package: kvoptions 2022-06-15 v3.15 Key value format for package options (HO)
))
\c@section@level=\count291
)
(/home/joshua/.miktex/texmfs/install/tex/latex/etoolbox/etoolbox.sty
Package: etoolbox 2025/10/02 v2.5m e-TeX tools for LaTeX (JAW)
\etb@tempcnta=\count292
)
(/home/joshua/.miktex/texmfs/install/tex/generic/stringenc/stringenc.sty
Package: stringenc 2019/11/29 v1.12 Convert strings between diff. encodings (HO
)
)
\@linkdim=\dimen173
\Hy@linkcounter=\count293
\Hy@pagecounter=\count294

(/home/joshua/.miktex/texmfs/install/tex/latex/hyperref/pd1enc.def
File: pd1enc.def 2025-07-12 v7.01o Hyperref: PDFDocEncoding definition (HO)
)
(/home/joshua/.miktex/texmfs/install/tex/generic/intcalc/intcalc.sty
Package: intcalc 2019/12/15 v1.3 Expandable calculations with integers (HO)
)
\Hy@SavedSpaceFactor=\count295

(/home/joshua/.miktex/texmfs/install/tex/latex/hyperref/puenc.def
File: puenc.def 2025-07-12 v7.01o Hyperref: PDF Unicode definition (HO)
)
Package hyperref Info: Hyper figures OFF on input line 4195.
Package hyperref Info: Link nesting OFF on input line 4200.
Package hyperref Info: Hyper index ON on input line 4203.
Package hyperref Info: Plain pages OFF on input line 4210.
Package hyperref Info: Backreferencing OFF on input line 4215.
Package hyperref Info: Implicit mode ON; LaTeX internals redefined.
Package hyperref Info: Bookmarks ON on input line 4462.
\c@Hy@tempcnt=\count296

(/home/joshua/.miktex/texmfs/install/tex/latex/url/url.sty
\Urlmuskip=\muskip17
Package: url 2013/09/16  ver 3.4  Verb mode for urls, etc.
)
LaTeX Info: Redefining \url on input line 4801.
\XeTeXLinkMargin=\dimen174

(/home/joshua/.miktex/texmfs/install/tex/generic/bitset/bitset.sty
Package: bitset 2019/12/09 v1.3 Handle bit-vector datatype (HO)

(/home/joshua/.miktex/texmfs/install/tex/generic/bigintcalc/bigintcalc.sty
Package: bigintcalc 2019/12/15 v1.5 Expandable calculations on big integers (HO
)
))
\Fld@menulength=\count297
\Field@Width=\dimen175
\Fld@charsize=\dimen176
Package hyperref Info: Hyper figures OFF on input line 6078.
Package hyperref Info: Link nesting OFF on input line 6083.
Package hyperref Info: Hyper index ON on input line 6086.
Package hyperref Info: backreferencing OFF on input line 6093.
Package hyperref Info: Link coloring OFF on input line 6098.
Package hyperref Info: Link coloring with OCG OFF on input line 6103.
Package hyperref Info: PDF/A mode OFF on input line 6108.
\Hy@abspage=\count298
\c@Item=\count299
\c@Hfootnote=\count300
)
Package hyperref Info: Driver (autodetected): hxetex.

(/home/joshua/.miktex/texmfs/install/tex/latex/hyperref/hxetex.def
File: hxetex.def 2025-07-12 v7.01o Hyperref driver for XeTeX
\pdfm@box=\box60
\c@Hy@AnnotLevel=\count301
\HyField@AnnotCount=\count302
\Fld@listcount=\count303
\c@bookmark@seq@number=\count304

(/home/joshua/.miktex/texmfs/install/tex/latex/rerunfilecheck/rerunfilecheck.st
y
Package: rerunfilecheck 2025-06-21 v1.11 Rerun checks for auxiliary files (HO)

(/home/joshua/.miktex/texmfs/install/tex/generic/uniquecounter/uniquecounter.st
y
Package: uniquecounter 2019/12/15 v1.4 Provide unlimited unique counter (HO)
)
Package uniquecounter Info: New unique counter `rerunfilecheck' on input line 2
84.
)
\Hy@SectionHShift=\skip57
) (/home/joshua/.miktex/texmfs/install/tex/latex/xcolor/xcolor.sty
Package: xcolor 2024/09/29 v3.02 LaTeX color extensions (UK)

(/home/joshua/.miktex/texmfs/install/tex/latex/graphics-cfg/color.cfg
File: color.cfg 2016/01/02 v1.6 sample color configuration
)
Package xcolor Info: Driver file: xetex.def on input line 274.

(/home/joshua/.miktex/texmfs/install/tex/latex/graphics-def/xetex.def
File: xetex.def 2025/11/01 v5.0p Graphics/color driver for xetex
)
(/home/joshua/.miktex/texmfs/install/tex/latex/graphics/mathcolor.ltx)
Package xcolor Info: Model `cmy' substituted by `cmy0' on input line 1349.
Package xcolor Info: Model `RGB' extended on input line 1365.
Package xcolor Info: Model `HTML' substituted by `rgb' on input line 1367.
Package xcolor Info: Model `Hsb' substituted by `hsb' on input line 1368.
Package xcolor Info: Model `tHsb' substituted by `hsb' on input line 1369.
Package xcolor Info: Model `HSB' substituted by `hsb' on input line 1370.
Package xcolor Info: Model `Gray' substituted by `gray' on input line 1371.
Package xcolor Info: Model `wave' substituted by `hsb' on input line 1372.
)
(/home/joshua/.miktex/texmfs/install/tex/latex/l3backend/l3backend-xetex.def
File: l3backend-xetex.def 2025-10-09 L3 backend support: XeTeX
\g__graphics_track_int=\count305
\g__pdfannot_backend_int=\count306
\g__pdfannot_backend_link_int=\count307
)
No file response-letter.aux.
\openout1 = `response-letter.aux'.

LaTeX Font Info:    Checking defaults for OML/cmm/m/it on input line 15.
LaTeX Font Info:    ... okay on input line 15.
LaTeX Font Info:    Checking defaults for OMS/cmsy/m/n on input line 15.
LaTeX Font Info:    ... okay on input line 15.
LaTeX Font Info:    Checking defaults for OT1/cmr/m/n on input line 15.
LaTeX Font Info:    ... okay on input line 15.
LaTeX Font Info:    Checking defaults for T1/cmr/m/n on input line 15.
LaTeX Font Info:    ... okay on input line 15.
LaTeX Font Info:    Checking defaults for TS1/cmr/m/n on input line 15.
LaTeX Font Info:    ... okay on input line 15.
LaTeX Font Info:    Checking defaults for TU/lmr/m/n on input line 15.
LaTeX Font Info:    ... okay on input line 15.
LaTeX Font Info:    Checking defaults for OMX/cmex/m/n on input line 15.
LaTeX Font Info:    ... okay on input line 15.
LaTeX Font Info:    Checking defaults for U/cmr/m/n on input line 15.
LaTeX Font Info:    ... okay on input line 15.
LaTeX Font Info:    Checking defaults for PD1/pdf/m/n on input line 15.
LaTeX Font Info:    ... okay on input line 15.
LaTeX Font Info:    Checking defaults for PU/pdf/m/n on input line 15.
LaTeX Font Info:    ... okay on input line 15.
*geometry* driver: auto-detecting
*geometry* detected driver: xetex
*geometry* verbose mode - [ preamble ] result:
* driver: xetex
* paper: <default>
* layout: <same size as paper>
* layoutoffset:(h,v)=(0.0pt,0.0pt)
* modes: 
* h-part:(L,W,R)=(72.26999pt, 469.75502pt, 72.26999pt)
* v-part:(T,H,B)=(72.26999pt, 650.43001pt, 72.26999pt)
* \paperwidth=614.295pt
* \paperheight=794.96999pt
* \textwidth=469.75502pt
* \textheight=650.43001pt
* \oddsidemargin=0.0pt
* \evensidemargin=0.0pt
* \topmargin=-37.0pt
* \headheight=12.0pt
* \headsep=25.0pt
* \topskip=11.0pt
* \footskip=30.0pt
* \marginparwidth=59.0pt
* \marginparsep=10.0pt
* \columnsep=10.0pt
* \skip\footins=10.0pt plus 4.0pt minus 2.0pt
* \hoffset=0.0pt
* \voffset=0.0pt
* \mag=1000
* \@twocolumnfalse
* \@twosidefalse
* \@mparswitchfalse
* \@reversemarginfalse
* (1in=72.27pt=25.4mm, 1cm=28.453pt)

Package hyperref Info: Link coloring OFF on input line 15.
\@outlinefile=\write3
\openout3 = `response-letter.out'.


Package hyperref Warning: Rerun to get /PageLabels entry.

LaTeX Font Info:    External font `cmex10' loaded for size
(Font)              <12> on input line 17.
LaTeX Font Info:    External font `cmex10' loaded for size
(Font)              <8> on input line 17.
LaTeX Font Info:    External font `cmex10' loaded for size
(Font)              <6> on input line 17.
Missing character: There is no 原 in font ec-lmbx10!
Missing character: There is no 始 in font ec-lmbx10!
Missing character: There is no 意 in font ec-lmbx10!
Missing character: There is no 见 in font ec-lmbx10!
Missing character: There is no 修 in font ec-lmbx10!
Missing character: There is no 改 in font ec-lmbx10!
Missing character: There is no 位 in font ec-lmbx10!
Missing character: There is no 置 in font ec-lmbx10!
Missing character: There is no 范 in font ec-lmbx10!
Missing character: There is no 围 in font ec-lmbx10!
Missing character: There is no 关 in font ec-lmbx10!
Missing character: There is no 键 in font ec-lmbx10!
Missing character: There is no 修 in font ec-lmbx10!
Missing character: There is no 改 in font ec-lmbx10!
Missing character: There is no 片 in font ec-lmbx10!
Missing character: There is no 段 in font ec-lmbx10!
Missing character: There is no 回 in font ec-lmbx10!
Missing character: There is no 复 in font ec-lmbx10!
Missing character: There is no 说 in font ec-lmbx10!
Missing character: There is no 明 in font ec-lmbx10!

Overfull \hbox (3.02873pt too wide) in alignment at lines 22--26
 [] [] [] [] 
 []

Missing character: There is no 原 in font ec-lmbx10!
Missing character: There is no 始 in font ec-lmbx10!
Missing character: There is no 意 in font ec-lmbx10!
Missing character: There is no 见 in font ec-lmbx10!
Missing character: There is no 修 in font ec-lmbx10!
Missing character: There is no 改 in font ec-lmbx10!
Missing character: There is no 位 in font ec-lmbx10!
Missing character: There is no 置 in font ec-lmbx10!
Missing character: There is no 范 in font ec-lmbx10!
Missing character: There is no 围 in font ec-lmbx10!
Missing character: There is no 关 in font ec-lmbx10!
Missing character: There is no 键 in font ec-lmbx10!
Missing character: There is no 修 in font ec-lmbx10!
Missing character: There is no 改 in font ec-lmbx10!
Missing character: There is no 片 in font ec-lmbx10!
Missing character: There is no 段 in font ec-lmbx10!
Missing character: There is no 回 in font ec-lmbx10!
Missing character: There is no 复 in font ec-lmbx10!
Missing character: There is no 说 in font ec-lmbx10!
Missing character: There is no 明 in font ec-lmbx10!

Overfull \hbox (3.02873pt too wide) in alignment at lines 26--30
 [] [] [] [] 
 []


Underfull \hbox (badness 6575) in paragraph at lines 31--31
\T1/lmr/m/n/10.95 re-cur-rent and con-
 []


Underfull \hbox (badness 3354) in paragraph at lines 31--31
\T1/lmr/m/n/10.95 vo-lu-tional struc-ture,
 []


Underfull \hbox (badness 1831) in paragraph at lines 31--31
\T1/lmr/m/n/10.95 in-tro-duc-tion do not
 []


Underfull \hbox (badness 2617) in paragraph at lines 31--31
\T1/lmr/m/n/10.95 clearly ex-plain why
 []

LaTeX Font Info:    Trying to load font information for T1+lmtt on input line 3
1.
(/home/joshua/.miktex/texmfs/install/tex/latex/lm/t1lmtt.fd
File: t1lmtt.fd 2015/05/01 v1.6.1 Font defs for Latin Modern
)
Underfull \hbox (badness 10000) in paragraph at lines 31--31
[]|
 []


Overfull \hbox (113.00484pt too wide) in paragraph at lines 31--31
\T1/lmtt/m/n/10.95 sections/introduction.tex::paragraph
 []


Underfull \hbox (badness 10000) in paragraph at lines 31--31
[]|\T1/lmtt/m/n/10.95 Self-attention
 []


Underfull \hbox (badness 10000) in paragraph at lines 31--31
\T1/lmtt/m/n/10.95 gives every token
 []


Underfull \hbox (badness 10000) in paragraph at lines 31--31
\T1/lmtt/m/n/10.95 a short path to
 []


Underfull \hbox (badness 10000) in paragraph at lines 31--31
\T1/lmtt/m/n/10.95 every other token,
 []


Underfull \hbox (badness 10000) in paragraph at lines 31--31
\T1/lmtt/m/n/10.95 so long-range
 []


Underfull \hbox (badness 10000) in paragraph at lines 31--31
\T1/lmtt/m/n/10.95 dependencies can
 []


Underfull \hbox (badness 10000) in paragraph at lines 31--31
\T1/lmtt/m/n/10.95 be modeled without
 []


Underfull \hbox (badness 10000) in paragraph at lines 31--31
\T1/lmtt/m/n/10.95 recurrent state
 []


Underfull \hbox (badness 10000) in paragraph at lines 31--31
\T1/lmtt/m/n/10.95 propagation or
 []


Underfull \hbox (badness 10000) in paragraph at lines 31--31
\T1/lmtt/m/n/10.95 deep convolutional
 []


Underfull \hbox (badness 10000) in paragraph at lines 31--32
[]|\T1/lmr/m/n/10.95 We re-vised the in-
 []


Underfull \hbox (badness 2818) in paragraph at lines 31--32
\T1/lmr/m/n/10.95 tro-duc-tion to ex-plain
 []


Underfull \hbox (badness 10000) in paragraph at lines 31--32
\T1/lmr/m/n/10.95 why attention-only
 []


Underfull \hbox (badness 10000) in paragraph at lines 33--33
[]|\T1/lmr/bx/n/10.95 Comment: \T1/lmr/m/n/10.95 The
 []


Underfull \hbox (badness 10000) in paragraph at lines 33--33
\T1/lmr/m/n/10.95 po-si-tion-ing against
 []


Underfull \hbox (badness 10000) in paragraph at lines 33--33
\T1/lmr/m/n/10.95 ByteNet, ConvS2S,
 []


Underfull \hbox (badness 1796) in paragraph at lines 33--33
\T1/lmr/m/n/10.95 style mod-els is too
 []


Underfull \hbox (badness 10000) in paragraph at lines 33--33
\T1/lmr/m/n/10.95 what is in-her-ited
 []


Underfull \hbox (badness 10000) in paragraph at lines 33--33
[]|
 []


Overfull \hbox (101.50737pt too wide) in paragraph at lines 33--33
\T1/lmtt/m/n/10.95 sections/background.tex::paragraph
 []


Underfull \hbox (badness 10000) in paragraph at lines 33--33
[]|\T1/lmtt/m/n/10.95 The specific
 []


Underfull \hbox (badness 10000) in paragraph at lines 33--33
\T1/lmtt/m/n/10.95 claim here is
 []


Underfull \hbox (badness 10000) in paragraph at lines 33--33
\T1/lmtt/m/n/10.95 that a strong
 []


Underfull \hbox (badness 10000) in paragraph at lines 33--33
\T1/lmtt/m/n/10.95 encoder-decoder
 []


Underfull \hbox (badness 10000) in paragraph at lines 33--33
\T1/lmtt/m/n/10.95 translation system
 []


Underfull \hbox (badness 10000) in paragraph at lines 33--33
\T1/lmtt/m/n/10.95 can be built from
 []


Underfull \hbox (badness 10000) in paragraph at lines 33--33
\T1/lmtt/m/n/10.95 self-attention and
 []


Underfull \hbox (badness 10000) in paragraph at lines 33--33
\T1/lmtt/m/n/10.95 feed-forward blocks
 []


Underfull \hbox (badness 10000) in paragraph at lines 33--33
\T1/lmtt/m/n/10.95 alone, without
 []


Underfull \hbox (badness 10000) in paragraph at lines 33--33
\T1/lmtt/m/n/10.95 sequence-aligned
 []


Underfull \hbox (badness 10000) in paragraph at lines 33--33
\T1/lmtt/m/n/10.95 recurrence or
 []


Underfull \hbox (badness 10000) in paragraph at lines 33--33
\T1/lmtt/m/n/10.95 convolution in the
 []


Underfull \hbox (badness 10000) in paragraph at lines 33--33
\T1/lmtt/m/n/10.95 main transduction
 []


Underfull \hbox (badness 1292) in paragraph at lines 33--34
\T1/lmr/m/n/10.95 els and nar-rowed the
 []


Underfull \hbox (badness 10000) in paragraph at lines 35--35
[]|\T1/lmr/bx/n/10.95 Comment: \T1/lmr/m/n/10.95 The
 []


Underfull \hbox (badness 10000) in paragraph at lines 35--35
\T1/lmr/m/n/10.95 ar-chi-tec-ture sec-tion
 []


Underfull \hbox (badness 4492) in paragraph at lines 35--35
\T1/lmr/m/n/10.95 would ben-e-fit from
 []


Underfull \hbox (badness 1221) in paragraph at lines 35--35
\T1/lmr/m/n/10.95 a con-trolled com-po-
 []


Underfull \hbox (badness 2409) in paragraph at lines 35--35
\T1/lmr/m/n/10.95 nent anal-y-sis. At
 []


Underfull \hbox (badness 5908) in paragraph at lines 35--35
\T1/lmr/m/n/10.95 present it is hard
 []


Underfull \hbox (badness 7722) in paragraph at lines 35--35
\T1/lmr/m/n/10.95 po-si-tional en-cod-ing,
 []


Underfull \hbox (badness 10000) in paragraph at lines 35--35
\T1/lmr/m/n/10.95 or sim-ply model
 []


Underfull \hbox (badness 10000) in paragraph at lines 35--35
[]|
 []


Overfull \hbox (90.0099pt too wide) in paragraph at lines 35--35
\T1/lmtt/m/n/10.95 sections/architecture.tex::Model
 []


Overfull \hbox (44.02003pt too wide) in paragraph at lines 35--35
\T1/lmtt/m/n/10.95 Configuration::paragraph
 []


Underfull \hbox (badness 10000) in paragraph at lines 35--35
[]|\T1/lmtt/m/n/10.95 The accompanying
 []


Underfull \hbox (badness 10000) in paragraph at lines 35--35
\T1/lmtt/m/n/10.95 variation study
 []


Underfull \hbox (badness 10000) in paragraph at lines 35--35
\T1/lmtt/m/n/10.95 shows that the
 []


Underfull \hbox (badness 10000) in paragraph at lines 35--35
\T1/lmtt/m/n/10.95 conclusions are
 []


Underfull \hbox (badness 10000) in paragraph at lines 35--35
\T1/lmtt/m/n/10.95 not reducible to
 []


Underfull \hbox (badness 10000) in paragraph at lines 35--35
\T1/lmtt/m/n/10.95 a single arbitrary
 []


Underfull \hbox (badness 10000) in paragraph at lines 35--35
\T1/lmtt/m/n/10.95 hyperparameter
 []


Underfull \hbox (badness 10000) in paragraph at lines 35--35
\T1/lmtt/m/n/10.95 choice:
 []


Underfull \hbox (badness 10000) in paragraph at lines 35--35
\T1/lmtt/m/n/10.95 single-head
 []


Underfull \hbox (badness 10000) in paragraph at lines 35--35
\T1/lmtt/m/n/10.95 attention
 []


Underfull \hbox (badness 10000) in paragraph at lines 35--35
\T1/lmtt/m/n/10.95 underperforms,
 []


Underfull \hbox (badness 10000) in paragraph at lines 35--35
\T1/lmtt/m/n/10.95 removing
 []


Underfull \hbox (badness 10000) in paragraph at lines 35--35
\T1/lmtt/m/n/10.95 dropout hurts
 []


Underfull \hbox (badness 10000) in paragraph at lines 35--35
\T1/lmtt/m/n/10.95 generalization, and
 []


Underfull \hbox (badness 10000) in paragraph at lines 35--35
\T1/lmtt/m/n/10.95 larger models help
 []


Underfull \hbox (badness 10000) in paragraph at lines 35--35
\T1/lmtt/m/n/10.95 without erasing the
 []


Underfull \hbox (badness 10000) in paragraph at lines 35--35
\T1/lmtt/m/n/10.95 importance of the
 []


Underfull \hbox (badness 10000) in paragraph at lines 35--35
\T1/lmtt/m/n/10.95 attention design
 []


Underfull \hbox (badness 4168) in paragraph at lines 35--36
[]|\T1/lmr/m/n/10.95 We added a con-cise
 []


Underfull \hbox (badness 10000) in paragraph at lines 35--36
\T1/lmr/m/n/10.95 architecture-sensitivity
 []


Underfull \hbox (badness 10000) in paragraph at lines 35--36
\T1/lmr/m/n/10.95 ex-pla-na-tion tied to
 []


Underfull \hbox (badness 3058) in paragraph at lines 35--36
\T1/lmr/m/n/10.95 the key con-fig-u-ra-tion
 []


Underfull \hbox (badness 10000) in paragraph at lines 37--37
[]|\T1/lmr/bx/n/10.95 Comment: \T1/lmr/m/n/10.95 The
 []


Underfull \hbox (badness 10000) in paragraph at lines 37--37
\T1/lmr/m/n/10.95 eight heads, and
 []


Underfull \hbox (badness 1082) in paragraph at lines 37--37
\T1/lmr/m/n/10.95 the re-ported hid-den
 []


Underfull \hbox (badness 10000) in paragraph at lines 37--37
\T1/lmr/m/n/10.95 di-men-sions ap-pears
 []


Underfull \hbox (badness 1292) in paragraph at lines 37--37
\T1/lmr/m/n/10.95 these de-sign choices
 []


Underfull \hbox (badness 2384) in paragraph at lines 37--37
\T1/lmr/m/n/10.95 or pro-vide ev-i-dence
 []


Underfull \hbox (badness 10000) in paragraph at lines 37--37
\T1/lmr/m/n/10.95 that the con-clu-
 []


Underfull \hbox (badness 10000) in paragraph at lines 37--37
[]|
 []


Overfull \hbox (90.0099pt too wide) in paragraph at lines 37--37
\T1/lmtt/m/n/10.95 sections/architecture.tex::Model
 []


Overfull \hbox (44.02003pt too wide) in paragraph at lines 37--37
\T1/lmtt/m/n/10.95 Configuration::paragraph
 []


Underfull \hbox (badness 10000) in paragraph at lines 37--37
[]|\T1/lmtt/m/n/10.95 The default setting
 []


Underfull \hbox (badness 10000) in paragraph at lines 37--37
\T1/lmtt/m/n/10.95 uses six layers,
 []


Underfull \hbox (badness 10000) in paragraph at lines 37--37
\T1/lmtt/m/n/10.95 eight heads, and
 []


Underfull \hbox (badness 10000) in paragraph at lines 37--37
\T1/lmtt/m/n/10.95 a 512-dimensional
 []


Underfull \hbox (badness 10000) in paragraph at lines 37--37
\T1/lmtt/m/n/10.95 model state for
 []


Underfull \hbox (badness 10000) in paragraph at lines 37--37
\T1/lmtt/m/n/10.95 the base model
 []


Underfull \hbox (badness 10000) in paragraph at lines 37--37
\T1/lmtt/m/n/10.95 because this regime
 []


Underfull \hbox (badness 10000) in paragraph at lines 37--37
\T1/lmtt/m/n/10.95 balanced accuracy
 []


Underfull \hbox (badness 10000) in paragraph at lines 37--37
\T1/lmtt/m/n/10.95 and efficiency well
 []


Underfull \hbox (badness 10000) in paragraph at lines 37--37
\T1/lmtt/m/n/10.95 in our development
 []


Underfull \hbox (badness 6510) in paragraph at lines 37--38
[]|\T1/lmr/m/n/10.95 We now jus-tify the
 []


Underfull \hbox (badness 4429) in paragraph at lines 37--38
\T1/lmr/m/n/10.95 re-ported head count,
 []


Underfull \hbox (badness 10000) in paragraph at lines 39--39
[]|\T1/lmr/bx/n/10.95 Comment: \T1/lmr/m/n/10.95 The
 []


Underfull \hbox (badness 10000) in paragraph at lines 39--39
\T1/lmr/m/n/10.95 main-results dis-
 []


Underfull \hbox (badness 10000) in paragraph at lines 39--39
\T1/lmr/m/n/10.95 cus-sion im-plies a
 []


Underfull \hbox (badness 10000) in paragraph at lines 39--39
\T1/lmr/m/n/10.95 mechanism-based
 []


Underfull \hbox (badness 10000) in paragraph at lines 39--39
\T1/lmr/m/n/10.95 causal ex-pla-na-tion
 []


Underfull \hbox (badness 10000) in paragraph at lines 39--39
[]|
 []


Overfull \hbox (72.7637pt too wide) in paragraph at lines 39--39
\T1/lmtt/m/n/10.95 sections/results.tex::Machine
 []


Overfull \hbox (32.52257pt too wide) in paragraph at lines 39--39
\T1/lmtt/m/n/10.95 Translation::paragraph
 []


Underfull \hbox (badness 10000) in paragraph at lines 39--39
[]|\T1/lmtt/m/n/10.95 The attention-only
 []


Underfull \hbox (badness 10000) in paragraph at lines 39--39
\T1/lmtt/m/n/10.95 encoder-decoder
 []


Underfull \hbox (badness 10000) in paragraph at lines 39--39
\T1/lmtt/m/n/10.95 appears to
 []


Underfull \hbox (badness 10000) in paragraph at lines 39--39
\T1/lmtt/m/n/10.95 benefit from
 []


Underfull \hbox (badness 10000) in paragraph at lines 39--39
\T1/lmtt/m/n/10.95 short cross-token
 []


Underfull \hbox (badness 10000) in paragraph at lines 39--39
\T1/lmtt/m/n/10.95 path lengths,
 []


Underfull \hbox (badness 10000) in paragraph at lines 39--39
\T1/lmtt/m/n/10.95 which helps
 []


Underfull \hbox (badness 10000) in paragraph at lines 39--39
\T1/lmtt/m/n/10.95 preserve long-range
 []


Underfull \hbox (badness 10000) in paragraph at lines 39--39
\T1/lmtt/m/n/10.95 dependencies
 []


Underfull \hbox (badness 10000) in paragraph at lines 39--39
\T1/lmtt/m/n/10.95 without recurrent
 []


Underfull \hbox (badness 5036) in paragraph at lines 39--40
[]|\T1/lmr/m/n/10.95 We strength-ened the
 []


Underfull \hbox (badness 10000) in paragraph at lines 39--40
\T1/lmr/m/n/10.95 with a mechanism-
 []


Underfull \hbox (badness 5802) in paragraph at lines 39--40
\T1/lmr/m/n/10.95 based ex-pla-na-tion of
 []


Overfull \hbox (3.02873pt too wide) in alignment at lines 30--41
 [] [] [] [] 
 []

ignored: Infinite glue shrinkage found in box being split [1

]
Missing character: There is no 原 in font ec-lmbx10!
Missing character: There is no 始 in font ec-lmbx10!
Missing character: There is no 意 in font ec-lmbx10!
Missing character: There is no 见 in font ec-lmbx10!
Missing character: There is no 修 in font ec-lmbx10!
Missing character: There is no 改 in font ec-lmbx10!
Missing character: There is no 位 in font ec-lmbx10!
Missing character: There is no 置 in font ec-lmbx10!
Missing character: There is no 范 in font ec-lmbx10!
Missing character: There is no 围 in font ec-lmbx10!
Missing character: There is no 关 in font ec-lmbx10!
Missing character: There is no 键 in font ec-lmbx10!
Missing character: There is no 修 in font ec-lmbx10!
Missing character: There is no 改 in font ec-lmbx10!
Missing character: There is no 片 in font ec-lmbx10!
Missing character: There is no 段 in font ec-lmbx10!
Missing character: There is no 回 in font ec-lmbx10!
Missing character: There is no 复 in font ec-lmbx10!
Missing character: There is no 说 in font ec-lmbx10!
Missing character: There is no 明 in font ec-lmbx10!

Overfull \hbox (3.02873pt too wide) in alignment at lines 44--48
 [] [] [] [] 
 []

Missing character: There is no 原 in font ec-lmbx10!
Missing character: There is no 始 in font ec-lmbx10!
Missing character: There is no 意 in font ec-lmbx10!
Missing character: There is no 见 in font ec-lmbx10!
Missing character: There is no 修 in font ec-lmbx10!
Missing character: There is no 改 in font ec-lmbx10!
Missing character: There is no 位 in font ec-lmbx10!
Missing character: There is no 置 in font ec-lmbx10!
Missing character: There is no 范 in font ec-lmbx10!
Missing character: There is no 围 in font ec-lmbx10!
Missing character: There is no 关 in font ec-lmbx10!
Missing character: There is no 键 in font ec-lmbx10!
Missing character: There is no 修 in font ec-lmbx10!
Missing character: There is no 改 in font ec-lmbx10!
Missing character: There is no 片 in font ec-lmbx10!
Missing character: There is no 段 in font ec-lmbx10!
Missing character: There is no 回 in font ec-lmbx10!
Missing character: There is no 复 in font ec-lmbx10!
Missing character: There is no 说 in font ec-lmbx10!
Missing character: There is no 明 in font ec-lmbx10!

Overfull \hbox (3.02873pt too wide) in alignment at lines 48--52
 [] [] [] [] 
 []


Underfull \hbox (badness 10000) in paragraph at lines 53--53
[]|\T1/lmr/bx/n/10.95 Comment: \T1/lmr/m/n/10.95 The
 []


Underfull \hbox (badness 2012) in paragraph at lines 53--53
\T1/lmr/m/n/10.95 repli-ca-tion. Please
 []


Underfull \hbox (badness 10000) in paragraph at lines 53--53
\T1/lmr/m/n/10.95 clar-ify the ex-act
 []


Underfull \hbox (badness 10000) in paragraph at lines 53--53
\T1/lmr/m/n/10.95 WMT data us-age,
 []


Underfull \hbox (badness 10000) in paragraph at lines 53--53
\T1/lmr/m/n/10.95 pre-pro-cess-ing as-
 []


Underfull \hbox (badness 2119) in paragraph at lines 53--53
\T1/lmr/m/n/10.95 sump-tions, and the
 []


Underfull \hbox (badness 10000) in paragraph at lines 53--53
\T1/lmr/m/n/10.95 eval-u-a-tion pro-to-col
 []


Underfull \hbox (badness 10000) in paragraph at lines 53--53
\T1/lmr/m/n/10.95 for English-German
 []


Underfull \hbox (badness 10000) in paragraph at lines 53--53
[]|
 []


Overfull \hbox (124.5023pt too wide) in paragraph at lines 53--53
\T1/lmtt/m/n/10.95 sections/training.tex::Data::paragraph
 []


Underfull \hbox (badness 10000) in paragraph at lines 53--53
[]|\T1/lmtt/m/n/10.95 English-German
 []


Underfull \hbox (badness 10000) in paragraph at lines 53--53
\T1/lmtt/m/n/10.95 uses approximately
 []


Underfull \hbox (badness 10000) in paragraph at lines 53--53
\T1/lmtt/m/n/10.95 4.5M sentence pairs
 []


Underfull \hbox (badness 10000) in paragraph at lines 53--53
\T1/lmtt/m/n/10.95 after standard
 []


Underfull \hbox (badness 10000) in paragraph at lines 53--53
\T1/lmtt/m/n/10.95 cleaning and
 []


Underfull \hbox (badness 10000) in paragraph at lines 53--53
\T1/lmtt/m/n/10.95 shared byte-pair
 []


Underfull \hbox (badness 10000) in paragraph at lines 53--53
\T1/lmtt/m/n/10.95 encoding with
 []


Underfull \hbox (badness 10000) in paragraph at lines 53--53
\T1/lmtt/m/n/10.95 a vocabulary of
 []


Underfull \hbox (badness 10000) in paragraph at lines 53--53
\T1/lmtt/m/n/10.95 roughly 37k tokens.
 []


Underfull \hbox (badness 10000) in paragraph at lines 53--53
\T1/lmtt/m/n/10.95 English-French uses
 []


Underfull \hbox (badness 10000) in paragraph at lines 53--53
\T1/lmtt/m/n/10.95 approximately 36M
 []


Underfull \hbox (badness 10000) in paragraph at lines 53--53
\T1/lmtt/m/n/10.95 sentence pairs with
 []


Underfull \hbox (badness 10000) in paragraph at lines 53--53
\T1/lmtt/m/n/10.95 a 32k word-piece
 []


Underfull \hbox (badness 1221) in paragraph at lines 55--55
[]|\T1/lmr/bx/n/10.95 Comment: \T1/lmr/m/n/10.95 Im-por-
 []


Underfull \hbox (badness 10000) in paragraph at lines 55--55
\T1/lmr/m/n/10.95 tant re-pro-ducibil-ity
 []


Underfull \hbox (badness 3449) in paragraph at lines 55--55
\T1/lmr/m/n/10.95 de-tails are miss-ing,
 []


Underfull \hbox (badness 2181) in paragraph at lines 55--55
\T1/lmr/m/n/10.95 in-clud-ing check-point
 []


Underfull \hbox (badness 6173) in paragraph at lines 55--55
\T1/lmr/m/n/10.95 av-er-ag-ing, de-cod-ing
 []


Underfull \hbox (badness 10000) in paragraph at lines 55--55
\T1/lmr/m/n/10.95 con-fig-u-ra-tion, and
 []


Underfull \hbox (badness 10000) in paragraph at lines 55--55
[]|
 []


Overfull \hbox (118.75357pt too wide) in paragraph at lines 55--55
\T1/lmtt/m/n/10.95 sections/training.tex::Implementation
 []


Underfull \hbox (badness 10000) in paragraph at lines 55--55
\T1/lmtt/m/n/10.95 Notes::paragraph
 []


Underfull \hbox (badness 10000) in paragraph at lines 55--55
[]|\T1/lmtt/m/n/10.95 The base model
 []


Underfull \hbox (badness 10000) in paragraph at lines 55--55
\T1/lmtt/m/n/10.95 is reported
 []


Underfull \hbox (badness 10000) in paragraph at lines 55--55
\T1/lmtt/m/n/10.95 after averaging
 []


Underfull \hbox (badness 10000) in paragraph at lines 55--55
\T1/lmtt/m/n/10.95 the final 5
 []


Underfull \hbox (badness 10000) in paragraph at lines 55--55
\T1/lmtt/m/n/10.95 checkpoints written
 []


Underfull \hbox (badness 10000) in paragraph at lines 55--55
\T1/lmtt/m/n/10.95 at 10-minute
 []


Underfull \hbox (badness 10000) in paragraph at lines 55--55
\T1/lmtt/m/n/10.95 intervals, while
 []


Underfull \hbox (badness 10000) in paragraph at lines 55--55
\T1/lmtt/m/n/10.95 the big model
 []


Underfull \hbox (badness 10000) in paragraph at lines 55--55
\T1/lmtt/m/n/10.95 averages the final
 []


Underfull \hbox (badness 10000) in paragraph at lines 55--55
\T1/lmtt/m/n/10.95 20 checkpoints.
 []


Underfull \hbox (badness 10000) in paragraph at lines 55--55
\T1/lmtt/m/n/10.95 During inference
 []


Underfull \hbox (badness 10000) in paragraph at lines 55--55
\T1/lmtt/m/n/10.95 we use beam size
 []


Underfull \hbox (badness 10000) in paragraph at lines 55--55
\T1/lmtt/m/n/10.95 4, length penalty
 []


Underfull \hbox (badness 10000) in paragraph at lines 55--55
\T1/lmtt/m/n/10.95 0.6, and a maximum
 []


Underfull \hbox (badness 10000) in paragraph at lines 55--55
\T1/lmtt/m/n/10.95 output length of
 []


Underfull \hbox (badness 10000) in paragraph at lines 55--55
\T1/lmtt/m/n/10.95 input length plus
 []


Underfull \hbox (badness 10000) in paragraph at lines 55--55
\T1/lmtt/m/n/10.95 50 with early
 []


Underfull \hbox (badness 10000) in paragraph at lines 55--55
\T1/lmtt/m/n/10.95 stopping when
 []


Underfull \hbox (badness 5504) in paragraph at lines 55--56
[]|\T1/lmr/m/n/10.95 We made check-point
 []


Underfull \hbox (badness 10000) in paragraph at lines 57--57
[]|\T1/lmr/bx/n/10.95 Comment: \T1/lmr/m/n/10.95 The
 []


Underfull \hbox (badness 10000) in paragraph at lines 57--57
\T1/lmr/m/n/10.95 training-cost claim
 []


Underfull \hbox (badness 10000) in paragraph at lines 57--57
\T1/lmr/m/n/10.95 is in-ter-est-ing but
 []


Underfull \hbox (badness 1990) in paragraph at lines 57--57
\T1/lmr/m/n/10.95 cur-rently un-der-spec-
 []


Underfull \hbox (badness 10000) in paragraph at lines 57--57
\T1/lmr/m/n/10.95 and what makes
 []


Underfull \hbox (badness 2343) in paragraph at lines 57--57
\T1/lmr/m/n/10.95 the com-par-i-son fair
 []


Underfull \hbox (badness 10000) in paragraph at lines 57--57
[]|
 []


Overfull \hbox (72.7637pt too wide) in paragraph at lines 57--57
\T1/lmtt/m/n/10.95 sections/results.tex::Machine
 []


Overfull \hbox (32.52257pt too wide) in paragraph at lines 57--57
\T1/lmtt/m/n/10.95 Translation::paragraph
 []


Underfull \hbox (badness 10000) in paragraph at lines 57--57
[]|\T1/lmtt/m/n/10.95 The larger model
 []


Underfull \hbox (badness 10000) in paragraph at lines 57--57
\T1/lmtt/m/n/10.95 achieves a new
 []


Underfull \hbox (badness 10000) in paragraph at lines 57--57
\T1/lmtt/m/n/10.95 state of the art on
 []


Underfull \hbox (badness 10000) in paragraph at lines 57--57
\T1/lmtt/m/n/10.95 English-to-German
 []


Underfull \hbox (badness 10000) in paragraph at lines 57--57
\T1/lmtt/m/n/10.95 and remains highly
 []


Underfull \hbox (badness 10000) in paragraph at lines 57--57
\T1/lmtt/m/n/10.95 competitive on
 []


Underfull \hbox (badness 10000) in paragraph at lines 57--57
\T1/lmtt/m/n/10.95 English-to-French
 []


Underfull \hbox (badness 10000) in paragraph at lines 57--57
\T1/lmtt/m/n/10.95 while requiring
 []


Underfull \hbox (badness 10000) in paragraph at lines 57--57
\T1/lmtt/m/n/10.95 substantially
 []


Underfull \hbox (badness 10000) in paragraph at lines 57--57
\T1/lmtt/m/n/10.95 less reported
 []


Underfull \hbox (badness 10000) in paragraph at lines 57--57
\T1/lmtt/m/n/10.95 training cost than
 []


Underfull \hbox (badness 10000) in paragraph at lines 57--57
\T1/lmtt/m/n/10.95 earlier recurrent
 []


Underfull \hbox (badness 10000) in paragraph at lines 57--57
\T1/lmtt/m/n/10.95 or convolutional
 []


Underfull \hbox (badness 10000) in paragraph at lines 57--57
\T1/lmtt/m/n/10.95 systems under the
 []


Underfull \hbox (badness 10000) in paragraph at lines 57--57
\T1/lmtt/m/n/10.95 stated accounting
 []


Underfull \hbox (badness 1424) in paragraph at lines 57--58
[]|\T1/lmr/m/n/10.95 We qual-i-fied the ef-fi-
 []


Underfull \hbox (badness 10000) in paragraph at lines 59--59
[]|\T1/lmr/bx/n/10.95 Comment: \T1/lmr/m/n/10.95 The
 []


Underfull \hbox (badness 5726) in paragraph at lines 59--59
\T1/lmr/m/n/10.95 manuscript lacks a
 []


Underfull \hbox (badness 10000) in paragraph at lines 59--59
\T1/lmr/m/n/10.95 which ar-chi-tec-tural
 []


Underfull \hbox (badness 10000) in paragraph at lines 59--59
\T1/lmr/m/n/10.95 com-po-nents mat-ter
 []


Underfull \hbox (badness 1168) in paragraph at lines 59--59
\T1/lmr/m/n/10.95 stronger ab-la-tion or
 []


Underfull \hbox (badness 10000) in paragraph at lines 59--59
[]|
 []


Overfull \hbox (61.26624pt too wide) in paragraph at lines 59--59
\T1/lmtt/m/n/10.95 sections/results.tex::Model
 []


Overfull \hbox (26.77383pt too wide) in paragraph at lines 59--59
\T1/lmtt/m/n/10.95 Variations::paragraph
 []


Underfull \hbox (badness 10000) in paragraph at lines 59--59
[]|\T1/lmtt/m/n/10.95 Single-head
 []


Underfull \hbox (badness 10000) in paragraph at lines 59--59
\T1/lmtt/m/n/10.95 attention
 []


Underfull \hbox (badness 10000) in paragraph at lines 59--59
\T1/lmtt/m/n/10.95 underperformed the
 []


Underfull \hbox (badness 10000) in paragraph at lines 59--59
\T1/lmtt/m/n/10.95 default multi-head
 []


Underfull \hbox (badness 10000) in paragraph at lines 59--59
\T1/lmtt/m/n/10.95 setting, removing
 []


Underfull \hbox (badness 10000) in paragraph at lines 59--59
\T1/lmtt/m/n/10.95 dropout reduced
 []


Underfull \hbox (badness 10000) in paragraph at lines 59--59
\T1/lmtt/m/n/10.95 generalization
 []


Underfull \hbox (badness 10000) in paragraph at lines 59--59
\T1/lmtt/m/n/10.95 quality, and
 []


Underfull \hbox (badness 10000) in paragraph at lines 59--59
\T1/lmtt/m/n/10.95 scaling the model
 []


Underfull \hbox (badness 10000) in paragraph at lines 59--59
\T1/lmtt/m/n/10.95 improved BLEU
 []


Underfull \hbox (badness 10000) in paragraph at lines 59--59
\T1/lmtt/m/n/10.95 without eliminating
 []


Underfull \hbox (badness 10000) in paragraph at lines 59--59
\T1/lmtt/m/n/10.95 the contribution
 []


Underfull \hbox (badness 10000) in paragraph at lines 59--59
\T1/lmtt/m/n/10.95 of the attention
 []


Underfull \hbox (badness 10000) in paragraph at lines 61--61
[]|\T1/lmr/bx/n/10.95 Comment: \T1/lmr/m/n/10.95 Only
 []


Underfull \hbox (badness 10000) in paragraph at lines 61--61
\T1/lmr/m/n/10.95 head-line BLEU
 []


Underfull \hbox (badness 1158) in paragraph at lines 61--61
\T1/lmr/m/n/10.95 num-bers are shown.
 []


Underfull \hbox (badness 10000) in paragraph at lines 61--61
\T1/lmr/m/n/10.95 Please add some
 []


Underfull \hbox (badness 1997) in paragraph at lines 61--61
\T1/lmr/m/n/10.95 in-di-ca-tion of sta-bil-
 []


Underfull \hbox (badness 1478) in paragraph at lines 61--61
\T1/lmr/m/n/10.95 ity, vari-ance, or at
 []


Underfull \hbox (badness 10000) in paragraph at lines 61--61
\T1/lmr/m/n/10.95 state-ment of what
 []


Underfull \hbox (badness 1983) in paragraph at lines 61--61
\T1/lmr/m/n/10.95 can and can-not be
 []


Underfull \hbox (badness 10000) in paragraph at lines 61--61
[]|
 []


Overfull \hbox (84.26117pt too wide) in paragraph at lines 61--61
\T1/lmtt/m/n/10.95 sections/results.tex::Stability
 []


Overfull \hbox (21.0251pt too wide) in paragraph at lines 61--61
\T1/lmtt/m/n/10.95 Statement::paragraph
 []


Underfull \hbox (badness 10000) in paragraph at lines 61--61
[]|\T1/lmtt/m/n/10.95 The supplemental
 []


Underfull \hbox (badness 10000) in paragraph at lines 61--61
\T1/lmtt/m/n/10.95 five-run evidence
 []


Underfull \hbox (badness 10000) in paragraph at lines 61--61
\T1/lmtt/m/n/10.95 shows a narrow
 []


Underfull \hbox (badness 10000) in paragraph at lines 61--61
\T1/lmtt/m/n/10.95 spread around the
 []


Underfull \hbox (badness 2538) in paragraph at lines 61--62
\T1/lmr/m/n/10.95 ing a full ro-bust-ness
 []


Overfull \hbox (3.02873pt too wide) in alignment at lines 52--63
 [] [] [] [] 
 []

[2]
ignored: Infinite glue shrinkage found in box being split [3]
Missing character: There is no 原 in font ec-lmbx10!
Missing character: There is no 始 in font ec-lmbx10!
Missing character: There is no 意 in font ec-lmbx10!
Missing character: There is no 见 in font ec-lmbx10!
Missing character: There is no 修 in font ec-lmbx10!
Missing character: There is no 改 in font ec-lmbx10!
Missing character: There is no 位 in font ec-lmbx10!
Missing character: There is no 置 in font ec-lmbx10!
Missing character: There is no 范 in font ec-lmbx10!
Missing character: There is no 围 in font ec-lmbx10!
Missing character: There is no 关 in font ec-lmbx10!
Missing character: There is no 键 in font ec-lmbx10!
Missing character: There is no 修 in font ec-lmbx10!
Missing character: There is no 改 in font ec-lmbx10!
Missing character: There is no 片 in font ec-lmbx10!
Missing character: There is no 段 in font ec-lmbx10!
Missing character: There is no 回 in font ec-lmbx10!
Missing character: There is no 复 in font ec-lmbx10!
Missing character: There is no 说 in font ec-lmbx10!
Missing character: There is no 明 in font ec-lmbx10!

Overfull \hbox (3.02873pt too wide) in alignment at lines 66--70
 [] [] [] [] 
 []

Missing character: There is no 原 in font ec-lmbx10!
Missing character: There is no 始 in font ec-lmbx10!
Missing character: There is no 意 in font ec-lmbx10!
Missing character: There is no 见 in font ec-lmbx10!
Missing character: There is no 修 in font ec-lmbx10!
Missing character: There is no 改 in font ec-lmbx10!
Missing character: There is no 位 in font ec-lmbx10!
Missing character: There is no 置 in font ec-lmbx10!
Missing character: There is no 范 in font ec-lmbx10!
Missing character: There is no 围 in font ec-lmbx10!
Missing character: There is no 关 in font ec-lmbx10!
Missing character: There is no 键 in font ec-lmbx10!
Missing character: There is no 修 in font ec-lmbx10!
Missing character: There is no 改 in font ec-lmbx10!
Missing character: There is no 片 in font ec-lmbx10!
Missing character: There is no 段 in font ec-lmbx10!
Missing character: There is no 回 in font ec-lmbx10!
Missing character: There is no 复 in font ec-lmbx10!
Missing character: There is no 说 in font ec-lmbx10!
Missing character: There is no 明 in font ec-lmbx10!

Overfull \hbox (3.02873pt too wide) in alignment at lines 70--74
 [] [] [] [] 
 []


Underfull \hbox (badness 1997) in paragraph at lines 75--75
\T1/lmr/m/n/10.95 is too brief. The
 []


Underfull \hbox (badness 1831) in paragraph at lines 75--75
\T1/lmr/m/n/10.95 more ex-plicit about
 []


Underfull \hbox (badness 1394) in paragraph at lines 75--75
\T1/lmr/m/n/10.95 tings in which self-
 []


Underfull \hbox (badness 10000) in paragraph at lines 75--75
[]|
 []


Overfull \hbox (101.50737pt too wide) in paragraph at lines 75--75
\T1/lmtt/m/n/10.95 sections/discussion.tex::paragraph
 []


Underfull \hbox (badness 10000) in paragraph at lines 75--75
[]|\T1/lmtt/m/n/10.95 The current results
 []


Underfull \hbox (badness 10000) in paragraph at lines 75--75
\T1/lmtt/m/n/10.95 are tied to WMT
 []


Underfull \hbox (badness 10000) in paragraph at lines 75--75
\T1/lmtt/m/n/10.95 2014 machine
 []


Underfull \hbox (badness 10000) in paragraph at lines 75--75
\T1/lmtt/m/n/10.95 translation and do
 []


Underfull \hbox (badness 10000) in paragraph at lines 75--75
\T1/lmtt/m/n/10.95 not by themselves
 []


Underfull \hbox (badness 10000) in paragraph at lines 75--75
\T1/lmtt/m/n/10.95 establish that
 []


Underfull \hbox (badness 10000) in paragraph at lines 75--75
\T1/lmtt/m/n/10.95 self-attention
 []


Underfull \hbox (badness 10000) in paragraph at lines 75--75
\T1/lmtt/m/n/10.95 is universally
 []


Underfull \hbox (badness 10000) in paragraph at lines 75--75
\T1/lmtt/m/n/10.95 preferable for
 []


Underfull \hbox (badness 10000) in paragraph at lines 75--75
\T1/lmtt/m/n/10.95 every sequence
 []


Underfull \hbox (badness 3746) in paragraph at lines 75--76
\T1/lmr/m/n/10.95 the scope bound-aries
 []


Underfull \hbox (badness 10000) in paragraph at lines 77--77
[]|\T1/lmr/bx/n/10.95 Comment: \T1/lmr/m/n/10.95 The
 []


Underfull \hbox (badness 10000) in paragraph at lines 77--77
\T1/lmr/m/n/10.95 may yield in-ter-
 []


Underfull \hbox (badness 10000) in paragraph at lines 77--77
\T1/lmr/m/n/10.95 pretabil-ity is not
 []


Underfull \hbox (badness 10000) in paragraph at lines 77--77
\T1/lmr/m/n/10.95 sup-ported by con-
 []


Underfull \hbox (badness 10000) in paragraph at lines 77--77
\T1/lmr/m/n/10.95 crete qual-i-ta-tive
 []


Underfull \hbox (badness 1675) in paragraph at lines 77--77
\T1/lmr/m/n/10.95 ev-i-dence. A short
 []


Underfull \hbox (badness 10000) in paragraph at lines 77--77
\T1/lmr/m/n/10.95 case study or vi-
 []


Underfull \hbox (badness 10000) in paragraph at lines 77--77
\T1/lmr/m/n/10.95 su-al-iza-tion would
 []


Underfull \hbox (badness 10000) in paragraph at lines 77--77
[]|
 []


Overfull \hbox (187.73837pt too wide) in paragraph at lines 77--77
\T1/lmtt/m/n/10.95 sections/results.tex::Interpretability::paragraph
 []


Underfull \hbox (badness 10000) in paragraph at lines 77--77
[]|\T1/lmtt/m/n/10.95 In one long
 []


Underfull \hbox (badness 10000) in paragraph at lines 77--77
\T1/lmtt/m/n/10.95 English-German
 []


Underfull \hbox (badness 10000) in paragraph at lines 77--77
\T1/lmtt/m/n/10.95 sentence, an
 []


Underfull \hbox (badness 10000) in paragraph at lines 77--77
\T1/lmtt/m/n/10.95 upper-layer
 []


Underfull \hbox (badness 10000) in paragraph at lines 77--77
\T1/lmtt/m/n/10.95 head links a
 []


Underfull \hbox (badness 10000) in paragraph at lines 77--77
\T1/lmtt/m/n/10.95 subordinate-clause
 []


Underfull \hbox (badness 10000) in paragraph at lines 77--77
\T1/lmtt/m/n/10.95 introducer to the
 []


Underfull \hbox (badness 10000) in paragraph at lines 77--77
\T1/lmtt/m/n/10.95 postponed main
 []


Underfull \hbox (badness 10000) in paragraph at lines 77--77
\T1/lmtt/m/n/10.95 verb, while another
 []


Underfull \hbox (badness 10000) in paragraph at lines 77--77
\T1/lmtt/m/n/10.95 head tracks a
 []


Underfull \hbox (badness 10000) in paragraph at lines 77--77
\T1/lmtt/m/n/10.95 named entity span
 []


Underfull \hbox (badness 10000) in paragraph at lines 77--77
\T1/lmtt/m/n/10.95 across punctuation
 []


Underfull \hbox (badness 1320) in paragraph at lines 77--78
[]|\T1/lmr/m/n/10.95 We added a con-crete
 []


Underfull \hbox (badness 10000) in paragraph at lines 77--78
\T1/lmr/m/n/10.95 qual-i-ta-tive at-ten-tion
 []


Underfull \hbox (badness 10000) in paragraph at lines 77--78
\T1/lmr/m/n/10.95 the in-ter-pretabil-ity
 []


Underfull \hbox (badness 2932) in paragraph at lines 79--79
[]|\T1/lmr/bx/n/10.95 Comment: \T1/lmr/m/n/10.95 Please
 []


Underfull \hbox (badness 1412) in paragraph at lines 79--79
\T1/lmr/m/n/10.95 am-ple on long sen-
 []


Underfull \hbox (badness 2080) in paragraph at lines 79--79
\T1/lmr/m/n/10.95 tences, rare to-kens,
 []


Underfull \hbox (badness 10000) in paragraph at lines 79--79
[]|
 []


Overfull \hbox (101.50737pt too wide) in paragraph at lines 79--79
\T1/lmtt/m/n/10.95 sections/discussion.tex::paragraph
 []


Underfull \hbox (badness 10000) in paragraph at lines 79--79
[]|\T1/lmtt/m/n/10.95 Rare words, long
 []


Underfull \hbox (badness 10000) in paragraph at lines 79--79
\T1/lmtt/m/n/10.95 subordinate-clause
 []


Underfull \hbox (badness 10000) in paragraph at lines 79--79
\T1/lmtt/m/n/10.95 constructions,
 []


Underfull \hbox (badness 10000) in paragraph at lines 79--79
\T1/lmtt/m/n/10.95 and some
 []


Underfull \hbox (badness 10000) in paragraph at lines 79--79
\T1/lmtt/m/n/10.95 coverage-sensitive
 []


Underfull \hbox (badness 10000) in paragraph at lines 79--79
\T1/lmtt/m/n/10.95 cases still account
 []


Underfull \hbox (badness 10000) in paragraph at lines 79--79
\T1/lmtt/m/n/10.95 for a meaningful
 []


Underfull \hbox (badness 10000) in paragraph at lines 79--79
\T1/lmtt/m/n/10.95 share of residual
 []


Underfull \hbox (badness 10000) in paragraph at lines 79--79
\T1/lmtt/m/n/10.95 errors, even though
 []


Underfull \hbox (badness 10000) in paragraph at lines 79--79
\T1/lmtt/m/n/10.95 aggregate BLEU
 []


Underfull \hbox (badness 10000) in paragraph at lines 79--79
\T1/lmtt/m/n/10.95 improves over prior
 []


Underfull \hbox (badness 3792) in paragraph at lines 79--80
\T1/lmr/m/n/10.95 ta-tive fail-ure buck-ets
 []


Underfull \hbox (badness 10000) in paragraph at lines 81--81
[]|\T1/lmr/bx/n/10.95 Comment: \T1/lmr/m/n/10.95 The
 []


Underfull \hbox (badness 10000) in paragraph at lines 81--81
\T1/lmr/m/n/10.95 in-tu-ition for why
 []


Underfull \hbox (badness 10000) in paragraph at lines 81--81
\T1/lmr/m/n/10.95 long-range de-pen-
 []


Underfull \hbox (badness 10000) in paragraph at lines 81--81
\T1/lmr/m/n/10.95 den-cies are eas-ier
 []


Underfull \hbox (badness 4713) in paragraph at lines 81--81
\T1/lmr/m/n/10.95 to cap-ture re-mains
 []


Underfull \hbox (badness 2269) in paragraph at lines 81--81
\T1/lmr/m/n/10.95 Please add a more
 []


Underfull \hbox (badness 1584) in paragraph at lines 81--81
\T1/lmr/m/n/10.95 con-crete anal-y-sis or
 []


Underfull \hbox (badness 2165) in paragraph at lines 81--81
\T1/lmr/m/n/10.95 ex-am-ple to sup-port
 []


Underfull \hbox (badness 10000) in paragraph at lines 81--81
[]|
 []


Overfull \hbox (113.00484pt too wide) in paragraph at lines 81--81
\T1/lmtt/m/n/10.95 sections/introduction.tex::paragraph
 []


Underfull \hbox (badness 10000) in paragraph at lines 81--81
\T1/lmtt/m/n/10.95 3;
 []


Overfull \hbox (187.73837pt too wide) in paragraph at lines 81--81
\T1/lmtt/m/n/10.95 sections/results.tex::Interpretability::paragraph
 []


Underfull \hbox (badness 10000) in paragraph at lines 81--81
[]|\T1/lmtt/m/n/10.95 Self-attention
 []


Underfull \hbox (badness 10000) in paragraph at lines 81--81
\T1/lmtt/m/n/10.95 gives every token
 []


Underfull \hbox (badness 10000) in paragraph at lines 81--81
\T1/lmtt/m/n/10.95 a short path to
 []


Underfull \hbox (badness 10000) in paragraph at lines 81--81
\T1/lmtt/m/n/10.95 every other token,
 []


Underfull \hbox (badness 10000) in paragraph at lines 81--81
\T1/lmtt/m/n/10.95 and the qualitative
 []


Underfull \hbox (badness 10000) in paragraph at lines 81--81
\T1/lmtt/m/n/10.95 case study shows
 []


Underfull \hbox (badness 10000) in paragraph at lines 81--81
\T1/lmtt/m/n/10.95 how an upper-layer
 []


Underfull \hbox (badness 10000) in paragraph at lines 81--81
\T1/lmtt/m/n/10.95 head preserves
 []


Underfull \hbox (badness 10000) in paragraph at lines 81--81
\T1/lmtt/m/n/10.95 a long-distance
 []


Underfull \hbox (badness 10000) in paragraph at lines 81--81
\T1/lmtt/m/n/10.95 clause relation in
 []


Underfull \hbox (badness 3098) in paragraph at lines 81--82
[]|\T1/lmr/m/n/10.95 We paired the high-
 []


Underfull \hbox (badness 1237) in paragraph at lines 81--82
\T1/lmr/m/n/10.95 level in-tu-ition with a
 []


Underfull \hbox (badness 10000) in paragraph at lines 83--83
[]|\T1/lmr/bx/n/10.95 Comment: \T1/lmr/m/n/10.95 The
 []


Underfull \hbox (badness 10000) in paragraph at lines 83--83
\T1/lmr/m/n/10.95 con-clu-sion over-
 []


Underfull \hbox (badness 10000) in paragraph at lines 83--83
\T1/lmr/m/n/10.95 generalizes the
 []


Underfull \hbox (badness 10000) in paragraph at lines 83--83
\T1/lmr/m/n/10.95 be-yond the tasks
 []


Underfull \hbox (badness 10000) in paragraph at lines 83--83
[]|
 []


Overfull \hbox (101.50737pt too wide) in paragraph at lines 83--83
\T1/lmtt/m/n/10.95 sections/conclusion.tex::paragraph
 []


Underfull \hbox (badness 10000) in paragraph at lines 83--83
[]|\T1/lmtt/m/n/10.95 Claims beyond that
 []


Underfull \hbox (badness 10000) in paragraph at lines 83--83
\T1/lmtt/m/n/10.95 scope should be
 []


Underfull \hbox (badness 10000) in paragraph at lines 83--83
\T1/lmtt/m/n/10.95 made cautiously:
 []


Underfull \hbox (badness 10000) in paragraph at lines 83--83
\T1/lmtt/m/n/10.95 the present
 []


Underfull \hbox (badness 10000) in paragraph at lines 83--83
\T1/lmtt/m/n/10.95 evidence is
 []


Underfull \hbox (badness 10000) in paragraph at lines 83--83
\T1/lmtt/m/n/10.95 strongest for the
 []


Underfull \hbox (badness 10000) in paragraph at lines 83--83
\T1/lmtt/m/n/10.95 benchmark tasks
 []


Underfull \hbox (badness 10000) in paragraph at lines 83--83
\T1/lmtt/m/n/10.95 studied here, and
 []


Underfull \hbox (badness 10000) in paragraph at lines 83--83
\T1/lmtt/m/n/10.95 broader modality
 []


Underfull \hbox (badness 10000) in paragraph at lines 83--83
\T1/lmtt/m/n/10.95 or sequence-length
 []


Underfull \hbox (badness 10000) in paragraph at lines 83--83
\T1/lmtt/m/n/10.95 generalization
 []


Underfull \hbox (badness 10000) in paragraph at lines 83--83
\T1/lmtt/m/n/10.95 remains future
 []


Underfull \hbox (badness 10000) in paragraph at lines 83--84
[]|\T1/lmr/m/n/10.95 We tem-pered the
 []


Underfull \hbox (badness 10000) in paragraph at lines 83--84
\T1/lmr/m/n/10.95 within the ev-i-dence
 []


Overfull \hbox (3.02873pt too wide) in alignment at lines 74--85
 [] [] [] [] 
 []

[4]
ignored: Infinite glue shrinkage found in box being split [5] [6]
(response-letter.aux)
 ***********
LaTeX2e <2025-11-01>
L3 programming layer <2025-11-06>
 ***********


Package rerunfilecheck Warning: File `response-letter.out' has changed.
(rerunfilecheck)                Rerun to get outlines right
(rerunfilecheck)                or use package `bookmark'.

Package rerunfilecheck Info: Checksums for `response-letter.out':
(rerunfilecheck)             Before: <no file>
(rerunfilecheck)             After:  D41D8CD98F00B204E9800998ECF8427E;0.
 ) 
Here is how much of TeX's memory you used:
 9168 strings out of 404930
 137540 string characters out of 5481064
 570768 words of memory out of 5000000
 37703 multiletter control sequences out of 15000+600000
 652138 words of font info for 59 fonts, out of 8000000 for 9000
 14 hyphenation exceptions out of 8191
 72i,6n,79p,776b,463s stack positions out of 10000i,1000n,20000p,200000b,200000s

Output written on response-letter.pdf (6 pages).
